android/app/build/intermediates/manifest_merge_blame_file/debug/manifest-merger-blame-debug-report.txt
1<?xml version="1.0" encoding="utf-8"?>
2<manifest xmlns:android="http://schemas.android.com/apk/res/android"
3    package="com.kitchenservice.fileUpload"
4    android:versionCode="1"
5    android:versionName="1.0" >
6
7    <uses-sdk
8        android:minSdkVersion="22"
8-->src/main/AndroidManifest.xml
9        android:targetSdkVersion="30" />
9-->src/main/AndroidManifest.xml
10
11    <uses-permission android:name="android.permission.INTERNET" />
11-->src/main/AndroidManifest.xml:5:5-67
11-->src/main/AndroidManifest.xml:5:22-64
12    <uses-permission android:name="android.permission.WRITE_EXTERNAL_STORAGE" />
12-->src/main/AndroidManifest.xml:6:5-80
12-->src/main/AndroidManifest.xml:6:22-78
13    <uses-permission android:name="android.permission.WRITE_EXTERNAL_STORAGE" />
13-->src/main/AndroidManifest.xml:6:5-80
13-->src/main/AndroidManifest.xml:6:22-78
14
15    <application
15-->src/main/AndroidManifest.xml:9:5-29:19
16        android:allowBackup="true"
16-->src/main/AndroidManifest.xml:10:9-35
17        android:appComponentFactory="androidx.core.app.CoreComponentFactory"
17-->[androidx.core:core:1.3.1] AndroidManifest.xml:24:18-86
18        android:debuggable="true"
19        android:icon="@mipmap/ic_launcher"
19-->src/main/AndroidManifest.xml:11:9-43
20        android:label="@string/app_name"
20-->src/main/AndroidManifest.xml:13:9-41
21        android:requestLegacyExternalStorage="true"
21-->src/main/AndroidManifest.xml:12:9-52
22        android:roundIcon="@mipmap/ic_launcher_round"
22-->src/main/AndroidManifest.xml:14:9-54
23        android:supportsRtl="true"
23-->src/main/AndroidManifest.xml:16:9-35
24        android:testOnly="true"
25        android:theme="@style/Theme.AppCompat.NoActionBar"
25-->src/main/AndroidManifest.xml:17:9-59
26        android:usesCleartextTraffic="true" >
26-->src/main/AndroidManifest.xml:15:9-44
27        <activity android:name="com.kitchenservice.fileUpload.MainActivity" >
27-->src/main/AndroidManifest.xml:18:9-24:20
27-->src/main/AndroidManifest.xml:18:19-76
28            <intent-filter>
28-->src/main/AndroidManifest.xml:19:13-23:29
29                <action android:name="android.intent.action.MAIN" />
29-->src/main/AndroidManifest.xml:20:17-69
29-->src/main/AndroidManifest.xml:20:25-66
30
31                <category android:name="android.intent.category.LAUNCHER" />
31-->src/main/AndroidManifest.xml:22:17-77
31-->src/main/AndroidManifest.xml:22:27-74
32            </intent-filter>
33        </activity>
34        <activity android:name="com.kitchenservice.fileUpload.GetAll" />
34-->src/main/AndroidManifest.xml:26:9-73
34-->src/main/AndroidManifest.xml:26:19-70
35        <activity android:name="com.kitchenservice.fileUpload.Upload" />
35-->src/main/AndroidManifest.xml:27:9-73
35-->src/main/AndroidManifest.xml:27:19-70
36        <activity android:name="com.kitchenservice.fileUpload.GetByName" />
36-->src/main/AndroidManifest.xml:28:9-76
36-->src/main/AndroidManifest.xml:28:19-73
37    </application>
38
39</manifest>